<?xml version="1.0" encoding="UTF-8"?>
<!-- Generated by org.testng.reporters.JUnitReportReporter -->
<testsuite hostname="MacWin8" name="Testngadvanced.CookiesTesting" tests="1" failures="0" timestamp="7 Oct 2015 15:46:23 GMT" time="39.430" errors="0">
  <testcase name="Cookies" time="39.430" classname="Testngadvanced.CookiesTesting"/>
</testsuite> <!-- Testngadvanced.CookiesTesting -->
