<?xml version="1.0" encoding="UTF-8"?>
<!-- Generated by org.testng.reporters.JUnitReportReporter -->
<testsuite hostname="MacWin8" name="Testngadvanced.Implicitwait" tests="1" failures="0" timestamp="7 Oct 2015 03:44:40 GMT" time="50.403" errors="0">
  <testcase name="implicit" time="50.403" classname="Testngadvanced.Implicitwait"/>
</testsuite> <!-- Testngadvanced.Implicitwait -->
