<?xml version="1.0" encoding="UTF-8"?>
<!-- Generated by org.testng.reporters.JUnitReportReporter -->
<testsuite hostname="MacWin8" name="Keywordriventesting.Gmaillogin" tests="1" failures="0" timestamp="14 Oct 2015 18:13:00 GMT" time="31.195" errors="0">
  <testcase name="gmail" time="31.195" classname="Keywordriventesting.Gmaillogin"/>
</testsuite> <!-- Keywordriventesting.Gmaillogin -->
