<?xml version="1.0" encoding="UTF-8"?>
<!-- Generated by org.testng.reporters.JUnitReportReporter -->
<testsuite hostname="MacWin8" name="Excel.Dropdownexcel" tests="1" failures="0" timestamp="13 Oct 2015 02:59:01 GMT" time="218.968" errors="0">
  <testcase name="dropdownexcel" time="218.968" classname="Excel.Dropdownexcel"/>
</testsuite> <!-- Excel.Dropdownexcel -->
