<?xml version="1.0" encoding="UTF-8"?>
<!-- Generated by org.testng.reporters.JUnitReportReporter -->
<testsuite hostname="MacWin8" name="Grid.Screenshotongrid" tests="1" failures="0" timestamp="15 Oct 2015 17:14:17 GMT" time="23.515" errors="0">
  <testcase name="screen" time="23.515" classname="Grid.Screenshotongrid"/>
</testsuite> <!-- Grid.Screenshotongrid -->
