<?xml version="1.0" encoding="UTF-8"?>
<!-- Generated by org.testng.reporters.JUnitReportReporter -->
<testsuite hostname="MacWin8" name="Webtableandcheckboxes.Staticwebtabletesting" tests="1" failures="0" timestamp="7 Oct 2015 19:05:40 GMT" time="41.836" errors="0">
  <testcase name="webtable" time="41.836" classname="Webtableandcheckboxes.Staticwebtabletesting"/>
</testsuite> <!-- Webtableandcheckboxes.Staticwebtabletesting -->
