<?xml version="1.0" encoding="UTF-8"?>
<!-- Generated by org.testng.reporters.JUnitReportReporter -->
<testsuite hostname="MacWin8" name="Webtableandcheckboxes.Checkboxtesting" tests="1" failures="0" timestamp="8 Oct 2015 03:54:55 GMT" time="43.561" errors="0">
  <testcase name="check" time="43.561" classname="Webtableandcheckboxes.Checkboxtesting"/>
</testsuite> <!-- Webtableandcheckboxes.Checkboxtesting -->
