<?xml version="1.0" encoding="UTF-8"?>
<!-- Generated by org.testng.reporters.JUnitReportReporter -->
<testsuite hostname="MacWin8" name="Autoit.Robotclassupload" tests="1" failures="0" timestamp="16 Oct 2015 19:21:38 GMT" time="27.390" errors="0">
  <testcase name="upload" time="27.390" classname="Autoit.Robotclassupload"/>
</testsuite> <!-- Autoit.Robotclassupload -->
