<?xml version="1.0" encoding="UTF-8"?>
<!-- Generated by org.testng.reporters.JUnitReportReporter -->
<testsuite hostname="MacWin8" name="Autoit.Robotclasswindow" tests="1" failures="0" timestamp="16 Oct 2015 19:03:01 GMT" time="29.729" errors="0">
  <testcase name="download" time="29.729" classname="Autoit.Robotclasswindow"/>
</testsuite> <!-- Autoit.Robotclasswindow -->
