<?xml version="1.0" encoding="UTF-8"?>
<!-- Generated by org.testng.reporters.JUnitReportReporter -->
<testsuite hostname="MacWin8" name="Testngadvanced.Fluentwait" tests="1" failures="0" timestamp="7 Oct 2015 04:27:44 GMT" time="45.347" errors="0">
  <testcase name="Fluentwait" time="45.347" classname="Testngadvanced.Fluentwait"/>
</testsuite> <!-- Testngadvanced.Fluentwait -->
