<?xml version="1.0" encoding="UTF-8"?>
<!-- Generated by org.testng.reporters.JUnitReportReporter -->
<testsuite hostname="MacWin8" name="Testngadvanced.multiplewindowhandler2" tests="1" failures="0" timestamp="7 Oct 2015 02:11:45 GMT" time="53.456" errors="0">
  <testcase name="multiple2" time="53.456" classname="Testngadvanced.multiplewindowhandler2"/>
</testsuite> <!-- Testngadvanced.multiplewindowhandler2 -->
