<?xml version="1.0" encoding="UTF-8"?>
<!-- Generated by org.testng.reporters.JUnitReportReporter -->
<testsuite hostname="MacWin8" name="Webtableandcheckboxes.Datepickupfromcalenderwebtable" tests="1" failures="0" timestamp="8 Oct 2015 02:04:26 GMT" time="44.039" errors="0">
  <testcase name="calendertable" time="44.039" classname="Webtableandcheckboxes.Datepickupfromcalenderwebtable"/>
</testsuite> <!-- Webtableandcheckboxes.Datepickupfromcalenderwebtable -->
