<?xml version="1.0" encoding="UTF-8"?>
<!-- Generated by org.testng.reporters.JUnitReportReporter -->
<testsuite hostname="MacWin8" name="testng.Elementpresentinpageornot" tests="1" failures="0" timestamp="6 Oct 2015 18:43:30 GMT" time="27.819" errors="0">
  <testcase name="element" time="27.819" classname="testng.Elementpresentinpageornot"/>
</testsuite> <!-- testng.Elementpresentinpageornot -->
