<?xml version="1.0" encoding="UTF-8"?>
<!-- Generated by org.testng.reporters.JUnitReportReporter -->
<testsuite hostname="MacWin8" name="testng.Draganddrop" tests="1" failures="0" timestamp="6 Oct 2015 15:54:19 GMT" time="24.952" errors="0">
  <testcase name="draganddrop" time="24.952" classname="testng.Draganddrop"/>
</testsuite> <!-- testng.Draganddrop -->
