<?xml version="1.0" encoding="UTF-8"?>
<!-- Generated by org.testng.reporters.JUnitReportReporter -->
<testsuite hostname="MacWin8" name="Testngadvanced.Explicitwebdriverwait" tests="1" failures="0" timestamp="7 Oct 2015 04:07:22 GMT" time="46.018" errors="0">
  <testcase name="Explicit" time="46.018" classname="Testngadvanced.Explicitwebdriverwait"/>
</testsuite> <!-- Testngadvanced.Explicitwebdriverwait -->
