<?xml version="1.0" encoding="UTF-8"?>
<!-- Generated by org.testng.reporters.JUnitReportReporter -->
<testsuite hostname="MacWin8" name="testng.Rightclickgmail" tests="1" failures="0" timestamp="9 Oct 2015 14:12:23 GMT" time="29.924" errors="0">
  <testcase name="Rightclick" time="29.924" classname="testng.Rightclickgmail"/>
</testsuite> <!-- testng.Rightclickgmail -->
