<?xml version="1.0" encoding="UTF-8"?>
<!-- Generated by org.testng.reporters.JUnitReportReporter -->
<testsuite hostname="MacWin8" name="testng.Captyreboldlinks" tests="1" failures="0" timestamp="6 Oct 2015 18:38:16 GMT" time="41.222" errors="0">
  <testcase name="boldlinks" time="41.222" classname="testng.Captyreboldlinks"/>
</testsuite> <!-- testng.Captyreboldlinks -->
