<?xml version="1.0" encoding="UTF-8"?>
<!-- Generated by org.testng.reporters.JUnitReportReporter -->
<testsuite hostname="MacWin8" name="Testngadvanced.Radiobuttonstesting1" tests="1" failures="0" timestamp="7 Oct 2015 16:00:26 GMT" time="34.772" errors="0">
  <testcase name="radio" time="34.772" classname="Testngadvanced.Radiobuttonstesting1"/>
</testsuite> <!-- Testngadvanced.Radiobuttonstesting1 -->
