<?xml version="1.0" encoding="UTF-8"?>
<!-- Generated by org.testng.reporters.JUnitReportReporter -->
<testsuite hostname="MacWin8" name="Testngadvanced.Radiobuttonscompletegroup" tests="1" failures="0" timestamp="7 Oct 2015 16:15:04 GMT" time="41.733" errors="0">
  <testcase name="radio" time="41.733" classname="Testngadvanced.Radiobuttonscompletegroup"/>
</testsuite> <!-- Testngadvanced.Radiobuttonscompletegroup -->
