<?xml version="1.0" encoding="UTF-8"?>
<!-- Generated by org.testng.reporters.JUnitReportReporter -->
<testsuite hostname="MacWin8" name="testng.sample" tests="2" failures="0" timestamp="9 Oct 2015 02:26:32 GMT" time="0.044" errors="0">
  <testcase name="test" time="0.041" classname="testng.sample"/>
  <testcase name="connect" time="0.003" classname="testng.sample"/>
</testsuite> <!-- testng.sample -->
