<?xml version="1.0" encoding="UTF-8"?>
<!-- Generated by org.testng.reporters.JUnitReportReporter -->
<testsuite hostname="MacWin8" name="Grid.Gridfirefoxlaunch" tests="1" failures="0" timestamp="15 Oct 2015 16:31:59 GMT" time="31.303" errors="0">
  <testcase name="test" time="31.303" classname="Grid.Gridfirefoxlaunch"/>
</testsuite> <!-- Grid.Gridfirefoxlaunch -->
