<?xml version="1.0" encoding="UTF-8"?>
<!-- Generated by org.testng.reporters.JUnitReportReporter -->
<testsuite hostname="MacWin8" name="Testngadvanced.Multiplewindowhandler" tests="1" failures="0" timestamp="6 Oct 2015 19:18:41 GMT" time="42.542" errors="0">
  <testcase name="multiple" time="42.542" classname="Testngadvanced.Multiplewindowhandler"/>
</testsuite> <!-- Testngadvanced.Multiplewindowhandler -->
