<?xml version="1.0" encoding="UTF-8"?>
<!-- Generated by org.testng.reporters.JUnitReportReporter -->
<testsuite hostname="MacWin8" name="Pageobjectmodel.Pomcontrol1" tests="1" failures="0" timestamp="20 Oct 2015 19:49:12 GMT" time="22.121" errors="0">
  <testcase name="pomtest" time="22.121" classname="Pageobjectmodel.Pomcontrol1"/>
</testsuite> <!-- Pageobjectmodel.Pomcontrol1 -->
