<?xml version="1.0" encoding="UTF-8"?>
<!-- Generated by org.testng.reporters.JUnitReportReporter -->
<testsuite hostname="MacWin8" name="Datadriventesting.Datadrivenlinks" tests="1" failures="0" timestamp="14 Oct 2015 16:51:02 GMT" time="53.963" errors="0">
  <testcase name="register" time="53.963" classname="Datadriventesting.Datadrivenlinks"/>
</testsuite> <!-- Datadriventesting.Datadrivenlinks -->
