<?xml version="1.0" encoding="UTF-8"?>
<!-- Generated by org.testng.reporters.JUnitReportReporter -->
<testsuite hostname="MacWin8" name="testng.Hovermouse" tests="1" failures="0" timestamp="6 Oct 2015 03:43:43 GMT" time="22.133" errors="0">
  <testcase name="mousehover" time="22.133" classname="testng.Hovermouse"/>
</testsuite> <!-- testng.Hovermouse -->
