<?xml version="1.0" encoding="UTF-8"?>
<!-- Generated by org.testng.reporters.JUnitReportReporter -->
<testsuite hostname="MacWin8" name="Webtableandcheckboxes.Javascriptexecuter" tests="1" failures="0" timestamp="8 Oct 2015 04:23:52 GMT" time="41.885" errors="0">
  <testcase name="javascriptexecutermethods" time="41.885" classname="Webtableandcheckboxes.Javascriptexecuter"/>
</testsuite> <!-- Webtableandcheckboxes.Javascriptexecuter -->
