<?xml version="1.0" encoding="UTF-8"?>
<!-- Generated by org.testng.reporters.JUnitReportReporter -->
<testsuite hostname="MacWin8" name="DatadriventestingRegister" tests="1" failures="0" timestamp="14 Oct 2015 16:17:38 GMT" time="41.646" errors="0">
  <testcase name="register" time="41.646" classname="DatadriventestingRegister"/>
</testsuite> <!-- DatadriventestingRegister -->
