<?xml version="1.0" encoding="UTF-8"?>
<!-- Generated by org.testng.reporters.JUnitReportReporter -->
<testsuite hostname="MacWin8" name="Testngadvanced.Radiobuttoncheckstatusofallbuttons" tests="1" failures="0" timestamp="7 Oct 2015 16:08:17 GMT" time="42.232" errors="0">
  <testcase name="radio" time="42.232" classname="Testngadvanced.Radiobuttoncheckstatusofallbuttons"/>
</testsuite> <!-- Testngadvanced.Radiobuttoncheckstatusofallbuttons -->
